<?xml version="1.0" encoding="UTF-8"?>
<!-- Generated by org.testng.reporters.JUnitReportReporter -->
<testsuite hostname="FYNXTLAPIND066" failures="0" tests="1" name="testCases.TC001_ValidLoginTest" time="16.287" errors="0" timestamp="2024-09-26T14:46:26 IST" skipped="0">
  <testcase classname="testCases.TC001_ValidLoginTest" name="verify_login" time="16.287"/>
</testsuite> <!-- testCases.TC001_ValidLoginTest -->
