<?xml version="1.0" encoding="UTF-8"?>
<!-- Generated by org.testng.reporters.JUnitReportReporter -->
<testsuite hostname="FYNXTLAPIND066" failures="0" tests="1" name="testCases.TC001_LoginTest" time="12.691" errors="0" timestamp="2024-09-08T01:19:16 IST" skipped="0">
  <testcase classname="testCases.TC001_LoginTest" name="verify_login" time="12.691"/>
</testsuite> <!-- testCases.TC001_LoginTest -->
