<?xml version="1.0" encoding="UTF-8"?>
<!-- Generated by org.testng.reporters.JUnitReportReporter -->
<testsuite hostname="FYNXTLAPIND066" failures="0" tests="1" name="testCases.TC004_TransferFundsTest" time="38.629" errors="0" timestamp="2024-09-30T16:46:11 IST" skipped="0">
  <testcase classname="testCases.TC004_TransferFundsTest" name="transferFunds" time="38.629"/>
</testsuite> <!-- testCases.TC004_TransferFundsTest -->
