<?xml version="1.0" encoding="UTF-8"?>
<!-- Generated by org.testng.reporters.JUnitReportReporter -->
<testsuite hostname="FYNXTLAPIND066" failures="0" tests="1" name="testCases.TC003_CreateMT4AccountTest" time="70.562" errors="0" timestamp="2024-09-27T15:10:26 IST" skipped="0">
  <testcase classname="testCases.TC003_CreateMT4AccountTest" name="createMT4_Account" time="70.562"/>
</testsuite> <!-- testCases.TC003_CreateMT4AccountTest -->
