<?xml version="1.0" encoding="UTF-8"?>
<!-- Generated by org.testng.reporters.JUnitReportReporter -->
<testsuite hostname="FYNXTLAPIND066" failures="0" tests="1" name="testCases.TC015_CreatePublicStrategy" time="35.072" errors="0" timestamp="2024-10-18T23:31:37 IST" skipped="0">
  <testcase classname="testCases.TC015_CreatePublicStrategy" name="create_Public_strategy" time="35.072"/>
</testsuite> <!-- testCases.TC015_CreatePublicStrategy -->
