<?xml version="1.0" encoding="UTF-8"?>
<!-- Generated by org.testng.reporters.JUnitReportReporter -->
<testsuite hostname="FYNXTLAPIND066" failures="0" tests="1" name="testCases.TC004_CreateMT4AccountTest" time="21.097" errors="0" timestamp="2024-09-20T18:43:11 IST" skipped="0">
  <testcase classname="testCases.TC004_CreateMT4AccountTest" name="createMT4_Account" time="21.097"/>
</testsuite> <!-- testCases.TC004_CreateMT4AccountTest -->
