<?xml version="1.0" encoding="UTF-8"?>
<!-- Generated by org.testng.reporters.JUnitReportReporter -->
<testsuite hostname="FYNXTLAPIND066" failures="0" tests="1" name="testCases.TC003_AccountRegistrationTest" time="20.669" errors="0" timestamp="2024-09-26T14:46:26 IST" skipped="0">
  <testcase classname="testCases.TC003_AccountRegistrationTest" name="account_registration" time="20.669"/>
</testsuite> <!-- testCases.TC003_AccountRegistrationTest -->
