<?xml version="1.0" encoding="UTF-8"?>
<!-- Generated by org.testng.reporters.JUnitReportReporter -->
<testsuite hostname="FYNXTLAPIND066" failures="0" tests="1" name="testCases.TC003_AccountRegistrationTest" time="8.300" errors="0" timestamp="2024-09-20T18:43:11 IST" skipped="0">
  <testcase classname="testCases.TC003_AccountRegistrationTest" name="account_registration" time="8.300"/>
</testsuite> <!-- testCases.TC003_AccountRegistrationTest -->
