<?xml version="1.0" encoding="UTF-8"?>
<!-- Generated by org.testng.reporters.JUnitReportReporter -->
<testsuite hostname="FYNXTLAPIND066" failures="0" tests="2" name="testCases.TC001_LoginTests" time="30.714" errors="0" timestamp="2024-09-27T15:10:26 IST" skipped="0">
  <testcase classname="testCases.TC001_LoginTests" name="verifyLogin" time="12.958"/>
  <testcase classname="testCases.TC001_LoginTests" name="verifyLogin" time="17.756"/>
</testsuite> <!-- testCases.TC001_LoginTests -->
