<?xml version="1.0" encoding="UTF-8"?>
<!-- Generated by org.testng.reporters.JUnitReportReporter -->
<testsuite hostname="FYNXTLAPIND066" failures="0" tests="1" name="testCases.TC002_InValidLoginTest" time="21.431" errors="0" timestamp="2024-09-26T14:46:26 IST" skipped="0">
  <testcase classname="testCases.TC002_InValidLoginTest" name="verify_login_Error" time="21.431"/>
</testsuite> <!-- testCases.TC002_InValidLoginTest -->
