<?xml version="1.0" encoding="UTF-8"?>
<!-- Generated by org.testng.reporters.JUnitReportReporter -->
<testsuite hostname="FYNXTLAPIND066" failures="0" tests="1" name="testCases.TC005_DepositFundsUSDTest" time="44.453" errors="0" timestamp="2024-09-27T15:50:47 IST" skipped="0">
  <testcase classname="testCases.TC005_DepositFundsUSDTest" name="depositFundsUSD" time="44.453"/>
</testsuite> <!-- testCases.TC005_DepositFundsUSDTest -->
