<?xml version="1.0" encoding="UTF-8"?>
<!-- Generated by org.testng.reporters.JUnitReportReporter -->
<testsuite hostname="FYNXTLAPIND066" failures="0" tests="1" name="testCases.TC006_LeaderboardStrategyTest" time="49.249" errors="0" timestamp="2024-10-18T23:31:37 IST" skipped="0">
  <testcase classname="testCases.TC006_LeaderboardStrategyTest" name="leaderboardList" time="49.249"/>
</testsuite> <!-- testCases.TC006_LeaderboardStrategyTest -->
