<?xml version="1.0" encoding="UTF-8"?>
<!-- Generated by org.testng.reporters.JUnitReportReporter -->
<testsuite hostname="FYNXTLAPIND066" failures="0" tests="1" name="testCases.TC001_ValidLoginTest" time="6.716" errors="0" timestamp="2024-09-20T18:43:11 IST" skipped="0">
  <testcase classname="testCases.TC001_ValidLoginTest" name="verify_login" time="6.716"/>
</testsuite> <!-- testCases.TC001_ValidLoginTest -->
