<?xml version="1.0" encoding="UTF-8"?>
<!-- Generated by org.testng.reporters.JUnitReportReporter -->
<testsuite hostname="FYNXTLAPIND066" failures="0" tests="1" name="testCases.TC002_InValidLoginTest" time="7.935" errors="0" timestamp="2024-09-20T18:43:11 IST" skipped="0">
  <testcase classname="testCases.TC002_InValidLoginTest" name="verify_login_Error" time="7.935"/>
</testsuite> <!-- testCases.TC002_InValidLoginTest -->
