<?xml version="1.0" encoding="UTF-8"?>
<!-- Generated by org.testng.reporters.JUnitReportReporter -->
<testsuite hostname="FYNXTLAPIND066" failures="0" tests="1" name="testCases.TC002_AccountRegistrationTest" time="19.473" errors="0" timestamp="2024-09-27T15:10:26 IST" skipped="0">
  <testcase classname="testCases.TC002_AccountRegistrationTest" name="account_registration" time="19.473"/>
</testsuite> <!-- testCases.TC002_AccountRegistrationTest -->
