<?xml version="1.0" encoding="UTF-8"?>
<!-- Generated by org.testng.reporters.JUnitReportReporter -->
<testsuite hostname="FYNXTLAPIND066" failures="0" tests="1" name="testCases.TC005_CreatePublicStrategy" time="15.730" errors="0" timestamp="2024-09-13T19:12:43 IST" skipped="0">
  <testcase classname="testCases.TC005_CreatePublicStrategy" name="create_Public_strategy" time="15.730"/>
</testsuite> <!-- testCases.TC005_CreatePublicStrategy -->
