<?xml version="1.0" encoding="UTF-8"?>
<!-- Generated by org.testng.reporters.JUnitReportReporter -->
<testsuite hostname="FYNXTLAPIND066" failures="0" tests="1" name="testCases.TC005_DepostFundsUSDTest" time="15.416" errors="0" timestamp="2024-09-18T17:18:01 IST" skipped="0">
  <testcase classname="testCases.TC005_DepostFundsUSDTest" name="depositFundsUSD" time="15.416"/>
</testsuite> <!-- testCases.TC005_DepostFundsUSDTest -->
