<?xml version="1.0" encoding="UTF-8"?>
<!-- Generated by org.testng.reporters.JUnitReportReporter -->
<testsuite hostname="FYNXTLAPIND066" failures="0" tests="1" name="testCases.TC004_CreateMT4AccountTest" time="18.882" errors="0" timestamp="2024-09-20T20:06:36 IST" skipped="0">
  <testcase classname="testCases.TC004_CreateMT4AccountTest" name="createMT4_Account" time="18.882"/>
</testsuite> <!-- testCases.TC004_CreateMT4AccountTest -->
