<?xml version="1.0" encoding="UTF-8"?>
<!-- Generated by org.testng.reporters.JUnitReportReporter -->
<testsuite hostname="FYNXTLAPIND066" failures="0" tests="1" name="testCases.TC002_InValidLoginTest" time="8.404" errors="0" timestamp="2024-09-20T20:06:36 IST" skipped="0">
  <testcase classname="testCases.TC002_InValidLoginTest" name="verify_login_Error" time="8.404"/>
</testsuite> <!-- testCases.TC002_InValidLoginTest -->
